# JRE version: OpenJDK Runtime Environment (8.0_152-b02) (build 1.8.0_152-release-1024-b02)
# Java VM: OpenJDK 64-Bit Server VM (25.152-b02 mixed mode windows-amd64 compressed oops)
Heap:
 PSYoungGen      total 167424K, used 132059K [0x00000000e0000000, 0x00000000ee580000, 0x0000000100000000)
  eden space 146944K, 89% used [0x00000000e0000000,0x00000000e80f6e20,0x00000000e8f80000)
  from space 20480K, 0% used [0x00000000e8f80000,0x00000000e8f80000,0x00000000ea380000)
  to   space 22528K, 0% used [0x00000000ecf80000,0x00000000ecf80000,0x00000000ee580000)
 ParOldGen       total 122880K, used 41264K [0x00000000a0000000, 0x00000000a7800000, 0x00000000e0000000)
  object space 122880K, 33% used [0x00000000a0000000,0x00000000a284c288,0x00000000a7800000)
 Metaspace       used 58978K, capacity 60562K, committed 60760K, reserved 1101824K
  class space    used 7895K, capacity 8264K, committed 8320K, reserved 1048576K
GC Heap History (10 events):
Event: 23.120 GC heap before
{Heap before GC invocations=10 (full 2):
 PSYoungGen      total 89600K, used 78336K [0x00000000e0000000, 0x00000000e8d80000, 0x0000000100000000)
  eden space 78336K, 100% used [0x00000000e0000000,0x00000000e4c80000,0x00000000e4c80000)
  from space 11264K, 0% used [0x00000000e4c80000,0x00000000e4c80000,0x00000000e5780000)
  to   space 12800K, 0% used [0x00000000e8100000,0x00000000e8100000,0x00000000e8d80000)
 ParOldGen       total 122880K, used 17314K [0x00000000a0000000, 0x00000000a7800000, 0x00000000e0000000)
  object space 122880K, 14% used [0x00000000a0000000,0x00000000a10e8bd0,0x00000000a7800000)
 Metaspace       used 38876K, capacity 39540K, committed 39896K, reserved 1083392K
  class space    used 5291K, capacity 5528K, committed 5632K, reserved 1048576K
Event: 23.133 GC heap after
Heap after GC invocations=10 (full 2):
 PSYoungGen      total 128000K, used 7422K [0x00000000e0000000, 0x00000000e8b00000, 0x0000000100000000)
  eden space 117760K, 0% used [0x00000000e0000000,0x00000000e0000000,0x00000000e7300000)
  from space 10240K, 72% used [0x00000000e8100000,0x00000000e883f950,0x00000000e8b00000)
  to   space 12288K, 0% used [0x00000000e7300000,0x00000000e7300000,0x00000000e7f00000)
 ParOldGen       total 122880K, used 17322K [0x00000000a0000000, 0x00000000a7800000, 0x00000000e0000000)
  object space 122880K, 14% used [0x00000000a0000000,0x00000000a10eabd0,0x00000000a7800000)
 Metaspace       used 38876K, capacity 39540K, committed 39896K, reserved 1083392K
  class space    used 5291K, capacity 5528K, committed 5632K, reserved 1048576K
}
Event: 28.389 GC heap before
{Heap before GC invocations=11 (full 2):
 PSYoungGen      total 128000K, used 125182K [0x00000000e0000000, 0x00000000e8b00000, 0x0000000100000000)
  eden space 117760K, 100% used [0x00000000e0000000,0x00000000e7300000,0x00000000e7300000)
  from space 10240K, 72% used [0x00000000e8100000,0x00000000e883f950,0x00000000e8b00000)
  to   space 12288K, 0% used [0x00000000e7300000,0x00000000e7300000,0x00000000e7f00000)
 ParOldGen       total 122880K, used 17322K [0x00000000a0000000, 0x00000000a7800000, 0x00000000e0000000)
  object space 122880K, 14% used [0x00000000a0000000,0x00000000a10eabd0,0x00000000a7800000)
 Metaspace       used 50127K, capacity 51536K, committed 51800K, reserved 1093632K
  class space    used 6853K, capacity 7185K, committed 7296K, reserved 1048576K
Event: 28.411 GC heap after
Heap after GC invocations=11 (full 2):
 PSYoungGen      total 130048K, used 12272K [0x00000000e0000000, 0x00000000eb300000, 0x0000000100000000)
  eden space 117760K, 0% used [0x00000000e0000000,0x00000000e0000000,0x00000000e7300000)
  from space 12288K, 99% used [0x00000000e7300000,0x00000000e7efc330,0x00000000e7f00000)
  to   space 15872K, 0% used [0x00000000ea380000,0x00000000ea380000,0x00000000eb300000)
 ParOldGen       total 122880K, used 23029K [0x00000000a0000000, 0x00000000a7800000, 0x00000000e0000000)
  object space 122880K, 18% used [0x00000000a0000000,0x00000000a167d648,0x00000000a7800000)
 Metaspace       used 50127K, capacity 51536K, committed 51800K, reserved 1093632K
  class space    used 6853K, capacity 7185K, committed 7296K, reserved 1048576K
}
Event: 41.015 GC heap before
{Heap before GC invocations=12 (full 2):
 PSYoungGen      total 130048K, used 130032K [0x00000000e0000000, 0x00000000eb300000, 0x0000000100000000)
  eden space 117760K, 100% used [0x00000000e0000000,0x00000000e7300000,0x00000000e7300000)
  from space 12288K, 99% used [0x00000000e7300000,0x00000000e7efc330,0x00000000e7f00000)
  to   space 15872K, 0% used [0x00000000ea380000,0x00000000ea380000,0x00000000eb300000)
 ParOldGen       total 122880K, used 23029K [0x00000000a0000000, 0x00000000a7800000, 0x00000000e0000000)
  object space 122880K, 18% used [0x00000000a0000000,0x00000000a167d648,0x00000000a7800000)
 Metaspace       used 56776K, capacity 58368K, committed 58584K, reserved 1099776K
  class space    used 7680K, capacity 8079K, committed 8192K, reserved 1048576K
Event: 41.036 GC heap after
Heap after GC invocations=12 (full 2):
 PSYoungGen      total 162816K, used 15866K [0x00000000e0000000, 0x00000000eb880000, 0x0000000100000000)
  eden space 146944K, 0% used [0x00000000e0000000,0x00000000e0000000,0x00000000e8f80000)
  from space 15872K, 99% used [0x00000000ea380000,0x00000000eb2feb30,0x00000000eb300000)
  to   space 20480K, 0% used [0x00000000e8f80000,0x00000000e8f80000,0x00000000ea380000)
 ParOldGen       total 122880K, used 29872K [0x00000000a0000000, 0x00000000a7800000, 0x00000000e0000000)
  object space 122880K, 24% used [0x00000000a0000000,0x00000000a1d2c398,0x00000000a7800000)
 Metaspace       used 56776K, capacity 58368K, committed 58584K, reserved 1099776K
  class space    used 7680K, capacity 8079K, committed 8192K, reserved 1048576K
}
Event: 43.208 GC heap before
{Heap before GC invocations=13 (full 2):
 PSYoungGen      total 162816K, used 69322K [0x00000000e0000000, 0x00000000eb880000, 0x0000000100000000)
  eden space 146944K, 36% used [0x00000000e0000000,0x00000000e3433df8,0x00000000e8f80000)
  from space 15872K, 99% used [0x00000000ea380000,0x00000000eb2feb30,0x00000000eb300000)
  to   space 20480K, 0% used [0x00000000e8f80000,0x00000000e8f80000,0x00000000ea380000)
 ParOldGen       total 122880K, used 29872K [0x00000000a0000000, 0x00000000a7800000, 0x00000000e0000000)
  object space 122880K, 24% used [0x00000000a0000000,0x00000000a1d2c398,0x00000000a7800000)
 Metaspace       used 57443K, capacity 58958K, committed 59028K, reserved 1099776K
  class space    used 7767K, capacity 8160K, committed 8192K, reserved 1048576K
Event: 43.232 GC heap after
Heap after GC invocations=13 (full 2):
 PSYoungGen      total 167424K, used 18619K [0x00000000e0000000, 0x00000000ee580000, 0x0000000100000000)
  eden space 146944K, 0% used [0x00000000e0000000,0x00000000e0000000,0x00000000e8f80000)
  from space 20480K, 90% used [0x00000000e8f80000,0x00000000ea1aeff8,0x00000000ea380000)
  to   space 22528K, 0% used [0x00000000ecf80000,0x00000000ecf80000,0x00000000ee580000)
 ParOldGen       total 122880K, used 33461K [0x00000000a0000000, 0x00000000a7800000, 0x00000000e0000000)
  object space 122880K, 27% used [0x00000000a0000000,0x00000000a20ad678,0x00000000a7800000)
 Metaspace       used 57443K, capacity 58958K, committed 59028K, reserved 1099776K
  class space    used 7767K, capacity 8160K, committed 8192K, reserved 1048576K
}
Event: 43.232 GC heap before
{Heap before GC invocations=14 (full 3):
 PSYoungGen      total 167424K, used 18619K [0x00000000e0000000, 0x00000000ee580000, 0x0000000100000000)
  eden space 146944K, 0% used [0x00000000e0000000,0x00000000e0000000,0x00000000e8f80000)
  from space 20480K, 90% used [0x00000000e8f80000,0x00000000ea1aeff8,0x00000000ea380000)
  to   space 22528K, 0% used [0x00000000ecf80000,0x00000000ecf80000,0x00000000ee580000)
 ParOldGen       total 122880K, used 33461K [0x00000000a0000000, 0x00000000a7800000, 0x00000000e0000000)
  object space 122880K, 27% used [0x00000000a0000000,0x00000000a20ad678,0x00000000a7800000)
 Metaspace       used 57443K, capacity 58958K, committed 59028K, reserved 1099776K
  class space    used 7767K, capacity 8160K, committed 8192K, reserved 1048576K
Event: 43.726 GC heap after
Heap after GC invocations=14 (full 3):
 PSYoungGen      total 167424K, used 0K [0x00000000e0000000, 0x00000000ee580000, 0x0000000100000000)
  eden space 146944K, 0% used [0x00000000e0000000,0x00000000e0000000,0x00000000e8f80000)
  from space 20480K, 0% used [0x00000000e8f80000,0x00000000e8f80000,0x00000000ea380000)
  to   space 22528K, 0% used [0x00000000ecf80000,0x00000000ecf80000,0x00000000ee580000)
 ParOldGen       total 122880K, used 41264K [0x00000000a0000000, 0x00000000a7800000, 0x00000000e0000000)
  object space 122880K, 33% used [0x00000000a0000000,0x00000000a284c288,0x00000000a7800000)
 Metaspace       used 57443K, capacity 58958K, committed 59028K, reserved 1099776K
  class space    used 7767K, capacity 8160K, committed 8192K, reserved 1048576K
}

